Copyright 1986-2020 Xilinx, Inc. All Rights Reserved.
-------------------------------------------------------------------------------------------
| Tool Version : Vivado v.2020.1 (win64) Build 2902540 Wed May 27 19:54:49 MDT 2020
| Date         : Tue Apr 11 17:22:53 2023
| Host         : Sofia running 64-bit major release  (build 9200)
| Command      : report_control_sets -verbose -file HaccPL_wrapper_control_sets_placed.rpt
| Design       : HaccPL_wrapper
| Device       : xc7z010
-------------------------------------------------------------------------------------------

Control Set Information

Table of Contents
-----------------
1. Summary
2. Histogram
3. Flip-Flop Distribution
4. Detailed Control Set Information

1. Summary
----------

+----------------------------------------------------------+-------+
|                          Status                          | Count |
+----------------------------------------------------------+-------+
| Total control sets                                       |    62 |
|    Minimum number of control sets                        |    62 |
|    Addition due to synthesis replication                 |     0 |
|    Addition due to physical synthesis replication        |     0 |
| Unused register locations in slices containing registers |    82 |
+----------------------------------------------------------+-------+
* Control sets can be merged at opt_design using control_set_merge or merge_equivalent_drivers
** Run report_qor_suggestions for automated merging and remapping suggestions


2. Histogram
------------

+--------------------+-------+
|       Fanout       | Count |
+--------------------+-------+
| Total control sets |    62 |
| >= 0 to < 4        |     1 |
| >= 4 to < 6        |     5 |
| >= 6 to < 8        |     3 |
| >= 8 to < 10       |    21 |
| >= 10 to < 12      |     3 |
| >= 12 to < 14      |     1 |
| >= 14 to < 16      |     4 |
| >= 16              |    24 |
+--------------------+-------+
* Control sets can be remapped at either synth_design or opt_design


3. Flip-Flop Distribution
-------------------------

+--------------+-----------------------+------------------------+-----------------+--------------+
| Clock Enable | Synchronous Set/Reset | Asynchronous Set/Reset | Total Registers | Total Slices |
+--------------+-----------------------+------------------------+-----------------+--------------+
| No           | No                    | No                     |             127 |           35 |
| No           | No                    | Yes                    |               0 |            0 |
| No           | Yes                   | No                     |             126 |           55 |
| Yes          | No                    | No                     |             302 |           62 |
| Yes          | No                    | Yes                    |               0 |            0 |
| Yes          | Yes                   | No                     |             491 |          138 |
+--------------+-----------------------+------------------------+-----------------+--------------+


4. Detailed Control Set Information
-----------------------------------

+-----------------------------------------------+--------------------------------------------------------------------------------------------------------------------------------------------------------------+-----------------------------------------------------------------------------------------------------------------------------------+------------------+----------------+--------------+
|                  Clock Signal                 |                                                                         Enable Signal                                                                        |                                                          Set/Reset Signal                                                         | Slice Load Count | Bel Load Count | Bels / Slice |
+-----------------------------------------------+--------------------------------------------------------------------------------------------------------------------------------------------------------------+-----------------------------------------------------------------------------------------------------------------------------------+------------------+----------------+--------------+
|  HaccPL_i/processing_system7_0/inst/FCLK_CLK0 | HaccPL_i/ps7_0_axi_periph/s00_couplers/auto_pc/inst/gen_axilite.gen_b2s_conv.axilite_b2s/WR.b_channel_0/bid_fifo_0/bresp_push                                |                                                                                                                                   |                1 |              2 |         2.00 |
|  HaccPL_i/processing_system7_0/inst/FCLK_CLK0 |                                                                                                                                                              | HaccPL_i/ps7_0_axi_periph/s00_couplers/auto_pc/inst/gen_axilite.gen_b2s_conv.axilite_b2s/SI_REG/aw.aw_pipe/aresetn_d_reg[0]_0     |                3 |              4 |         1.33 |
|  HaccPL_i/processing_system7_0/inst/FCLK_CLK0 |                                                                                                                                                              | HaccPL_i/rst_ps7_0_50M/U0/EXT_LPF/lpf_int                                                                                         |                3 |              4 |         1.33 |
|  HaccPL_i/processing_system7_0/inst/FCLK_CLK0 |                                                                                                                                                              | HaccPL_i/ps7_0_axi_periph/s00_couplers/auto_pc/inst/gen_axilite.gen_b2s_conv.axilite_b2s/SI_REG/ar.ar_pipe/aresetn_d_reg[1]_inv_0 |                4 |              4 |         1.00 |
|  HaccPL_i/processing_system7_0/inst/FCLK_CLK0 | HaccPL_i/ps7_0_axi_periph/s00_couplers/auto_pc/inst/gen_axilite.gen_b2s_conv.axilite_b2s/RD.r_channel_0/rd_data_fifo_0/cnt_read[4]_i_1_n_0                   | HaccPL_i/ps7_0_axi_periph/s00_couplers/auto_pc/inst/gen_axilite.gen_b2s_conv.axilite_b2s/areset_d1                                |                2 |              5 |         2.50 |
|  HaccPL_i/processing_system7_0/inst/FCLK_CLK0 | HaccPL_i/ps7_0_axi_periph/s00_couplers/auto_pc/inst/gen_axilite.gen_b2s_conv.axilite_b2s/RD.r_channel_0/transaction_fifo_0/cnt_read[4]_i_1__0_n_0            | HaccPL_i/ps7_0_axi_periph/s00_couplers/auto_pc/inst/gen_axilite.gen_b2s_conv.axilite_b2s/areset_d1                                |                2 |              5 |         2.50 |
|  HaccPL_i/processing_system7_0/inst/FCLK_CLK0 | HaccPL_i/RadiationReceiver_0/inst/axi4ListSlaveInterface_RadiationReceiver/axi_arready0                                                                      | HaccPL_i/RadiationReceiver_0/inst/radiationProcessor2/SR[0]                                                                       |                2 |              6 |         3.00 |
|  HaccPL_i/processing_system7_0/inst/FCLK_CLK0 | HaccPL_i/rst_ps7_0_50M/U0/SEQ/seq_cnt_en                                                                                                                     | HaccPL_i/rst_ps7_0_50M/U0/SEQ/SEQ_COUNTER/clear                                                                                   |                1 |              6 |         6.00 |
|  HaccPL_i/processing_system7_0/inst/FCLK_CLK0 | HaccPL_i/RadiationReceiver_0/inst/axi4ListSlaveInterface_RadiationReceiver/axi_awready0                                                                      | HaccPL_i/RadiationReceiver_0/inst/radiationProcessor2/SR[0]                                                                       |                2 |              6 |         3.00 |
|  HaccPL_i/processing_system7_0/inst/FCLK_CLK0 | HaccPL_i/RadiationReceiver_0/inst/axi4ListSlaveInterface_RadiationReceiver/RadiationProcessor_ethernetLoadFloor_Write[7]_i_1_n_0                             | HaccPL_i/RadiationReceiver_0/inst/radiationProcessor2/SR[0]                                                                       |                5 |              8 |         1.60 |
|  HaccPL_i/processing_system7_0/inst/FCLK_CLK0 |                                                                                                                                                              | HaccPL_i/RadiationReceiver_0/inst/radiationProcessor2/ethernetHoldInterruptTimer[7]_i_1_n_0                                       |                2 |              8 |         4.00 |
|  HaccPL_i/processing_system7_0/inst/FCLK_CLK0 | HaccPL_i/RadiationReceiver_0/inst/axi4ListSlaveInterface_RadiationReceiver/RadiationProcessor_debugSource_Write[31]_i_1_n_0                                  | HaccPL_i/RadiationReceiver_0/inst/radiationProcessor2/SR[0]                                                                       |                1 |              8 |         8.00 |
|  HaccPL_i/processing_system7_0/inst/FCLK_CLK0 | HaccPL_i/RadiationReceiver_0/inst/axi4ListSlaveInterface_RadiationReceiver/RadiationProcessor_ethernetLoadFloor_Write[15]_i_1_n_0                            | HaccPL_i/RadiationReceiver_0/inst/radiationProcessor2/SR[0]                                                                       |                3 |              8 |         2.67 |
|  HaccPL_i/processing_system7_0/inst/FCLK_CLK0 | HaccPL_i/RadiationReceiver_0/inst/axi4ListSlaveInterface_RadiationReceiver/RadiationProcessor_countAmount_Write[15]_i_1_n_0                                  | HaccPL_i/RadiationReceiver_0/inst/radiationProcessor2/SR[0]                                                                       |                4 |              8 |         2.00 |
|  HaccPL_i/processing_system7_0/inst/FCLK_CLK0 | HaccPL_i/RadiationReceiver_0/inst/axi4ListSlaveInterface_RadiationReceiver/RadiationProcessor_debugSource_Write[15]_i_1_n_0                                  | HaccPL_i/RadiationReceiver_0/inst/radiationProcessor2/SR[0]                                                                       |                3 |              8 |         2.67 |
|  HaccPL_i/processing_system7_0/inst/FCLK_CLK0 | HaccPL_i/RadiationReceiver_0/inst/axi4ListSlaveInterface_RadiationReceiver/HardwareAcceleratedHistogram_histogramReadAddress_Write[7]_i_1_n_0                | HaccPL_i/RadiationReceiver_0/inst/radiationProcessor2/SR[0]                                                                       |                1 |              8 |         8.00 |
|  HaccPL_i/processing_system7_0/inst/FCLK_CLK0 | HaccPL_i/ps7_0_axi_periph/s00_couplers/auto_pc/inst/gen_axilite.gen_b2s_conv.axilite_b2s/WR.b_channel_0/mhandshake_r                                         | HaccPL_i/ps7_0_axi_periph/s00_couplers/auto_pc/inst/gen_axilite.gen_b2s_conv.axilite_b2s/WR.b_channel_0/bid_fifo_0/SR[0]          |                2 |              8 |         4.00 |
|  HaccPL_i/processing_system7_0/inst/FCLK_CLK0 | HaccPL_i/ps7_0_axi_periph/s00_couplers/auto_pc/inst/gen_axilite.gen_b2s_conv.axilite_b2s/WR.aw_channel_0/aw_cmd_fsm_0/FSM_sequential_state_reg[1]_0[0]       |                                                                                                                                   |                3 |              8 |         2.67 |
|  HaccPL_i/processing_system7_0/inst/FCLK_CLK0 | HaccPL_i/RadiationReceiver_0/inst/axi4ListSlaveInterface_RadiationReceiver/RadiationProcessor_ethernetValue_Write[7]_i_1_n_0                                 | HaccPL_i/RadiationReceiver_0/inst/radiationProcessor2/SR[0]                                                                       |                2 |              8 |         4.00 |
|  HaccPL_i/processing_system7_0/inst/FCLK_CLK0 | HaccPL_i/ps7_0_axi_periph/s00_couplers/auto_pc/inst/gen_axilite.gen_b2s_conv.axilite_b2s/WR.aw_channel_0/cmd_translator_0/incr_cmd_0/axaddr_incr[11]_i_1_n_0 |                                                                                                                                   |                1 |              8 |         8.00 |
|  HaccPL_i/processing_system7_0/inst/FCLK_CLK0 | HaccPL_i/RadiationReceiver_0/inst/axi4ListSlaveInterface_RadiationReceiver/RadiationProcessor_ethernetValue_Write[23]_i_1_n_0                                | HaccPL_i/RadiationReceiver_0/inst/radiationProcessor2/SR[0]                                                                       |                2 |              8 |         4.00 |
|  HaccPL_i/processing_system7_0/inst/FCLK_CLK0 | HaccPL_i/RadiationReceiver_0/inst/axi4ListSlaveInterface_RadiationReceiver/RadiationProcessor_countAmount_Write[7]_i_1_n_0                                   | HaccPL_i/RadiationReceiver_0/inst/radiationProcessor2/SR[0]                                                                       |                2 |              8 |         4.00 |
|  HaccPL_i/processing_system7_0/inst/FCLK_CLK0 | HaccPL_i/RadiationReceiver_0/inst/axi4ListSlaveInterface_RadiationReceiver/RadiationProcessor_ethernetValue_Write[31]_i_1_n_0                                | HaccPL_i/RadiationReceiver_0/inst/radiationProcessor2/SR[0]                                                                       |                4 |              8 |         2.00 |
|  HaccPL_i/processing_system7_0/inst/FCLK_CLK0 | HaccPL_i/RadiationReceiver_0/inst/axi4ListSlaveInterface_RadiationReceiver/RadiationProcessor_countAmount_Write[31]_i_1_n_0                                  | HaccPL_i/RadiationReceiver_0/inst/radiationProcessor2/SR[0]                                                                       |                1 |              8 |         8.00 |
|  HaccPL_i/processing_system7_0/inst/FCLK_CLK0 | HaccPL_i/RadiationReceiver_0/inst/axi4ListSlaveInterface_RadiationReceiver/RadiationProcessor_countAmount_Write[23]_i_1_n_0                                  | HaccPL_i/RadiationReceiver_0/inst/radiationProcessor2/SR[0]                                                                       |                3 |              8 |         2.67 |
|  HaccPL_i/processing_system7_0/inst/FCLK_CLK0 | HaccPL_i/RadiationReceiver_0/inst/axi4ListSlaveInterface_RadiationReceiver/RadiationProcessor_ethernetValue_Write[15]_i_1_n_0                                | HaccPL_i/RadiationReceiver_0/inst/radiationProcessor2/SR[0]                                                                       |                1 |              8 |         8.00 |
|  HaccPL_i/processing_system7_0/inst/FCLK_CLK0 | HaccPL_i/RadiationReceiver_0/inst/axi4ListSlaveInterface_RadiationReceiver/RadiationProcessor_debugSource_Write[7]_i_1_n_0                                   | HaccPL_i/RadiationReceiver_0/inst/radiationProcessor2/SR[0]                                                                       |                2 |              8 |         4.00 |
|  HaccPL_i/processing_system7_0/inst/FCLK_CLK0 | HaccPL_i/RadiationReceiver_0/inst/axi4ListSlaveInterface_RadiationReceiver/RadiationProcessor_debugSource_Write[23]_i_1_n_0                                  | HaccPL_i/RadiationReceiver_0/inst/radiationProcessor2/SR[0]                                                                       |                2 |              8 |         4.00 |
|  HaccPL_i/processing_system7_0/inst/FCLK_CLK0 | HaccPL_i/ps7_0_axi_periph/s00_couplers/auto_pc/inst/gen_axilite.gen_b2s_conv.axilite_b2s/RD.ar_channel_0/ar_cmd_fsm_0/E[0]                                   |                                                                                                                                   |                2 |              8 |         4.00 |
|  HaccPL_i/processing_system7_0/inst/FCLK_CLK0 | HaccPL_i/ps7_0_axi_periph/s00_couplers/auto_pc/inst/gen_axilite.gen_b2s_conv.axilite_b2s/RD.ar_channel_0/ar_cmd_fsm_0/sel_first_reg[0]                       |                                                                                                                                   |                1 |              8 |         8.00 |
|  HaccPL_i/processing_system7_0/inst/FCLK_CLK0 | HaccPL_i/RadiationReceiver_0/inst/axi4ListSlaveInterface_RadiationReceiver/HardwareAcceleratedHistogram_histogramReadAddress_WriteReceived_reg_0[0]          | HaccPL_i/RadiationReceiver_0/inst/radiationProcessor2/SR[0]                                                                       |                2 |             10 |         5.00 |
|  HaccPL_i/processing_system7_0/inst/FCLK_CLK0 |                                                                                                                                                              | HaccPL_i/ps7_0_axi_periph/s00_couplers/auto_pc/inst/gen_axilite.gen_b2s_conv.axilite_b2s/areset_d1                                |                4 |             10 |         2.50 |
|  HaccPL_i/processing_system7_0/inst/FCLK_CLK0 | HaccPL_i/RadiationReceiver_0/inst/radiationProcessor2/valueReady_reg_1[0]                                                                                    | HaccPL_i/RadiationReceiver_0/inst/radiationProcessor2/SR[0]                                                                       |                3 |             10 |         3.33 |
|  HaccPL_i/processing_system7_0/inst/FCLK_CLK0 | HaccPL_i/ps7_0_axi_periph/s00_couplers/auto_pc/inst/gen_axilite.gen_b2s_conv.axilite_b2s/RD.r_channel_0/r_push_r                                             |                                                                                                                                   |                4 |             13 |         3.25 |
|  HaccPL_i/processing_system7_0/inst/FCLK_CLK0 | HaccPL_i/ps7_0_axi_periph/s00_couplers/auto_pc/inst/gen_axilite.gen_b2s_conv.axilite_b2s/SI_REG/b.b_pipe/p_1_in                                              |                                                                                                                                   |                3 |             14 |         4.67 |
|  HaccPL_i/processing_system7_0/inst/FCLK_CLK0 | HaccPL_i/ps7_0_axi_periph/s00_couplers/auto_pc/inst/gen_axilite.gen_b2s_conv.axilite_b2s/SI_REG/b.b_pipe/s_ready_i_reg_0                                     |                                                                                                                                   |                2 |             14 |         7.00 |
|  HaccPL_i/processing_system7_0/inst/FCLK_CLK0 | HaccPL_i/RadiationReceiver_0/inst/radiationProcessor2/getNextValue                                                                                           | HaccPL_i/RadiationReceiver_0/inst/radiationProcessor2/SR[0]                                                                       |                4 |             14 |         3.50 |
|  HaccPL_i/processing_system7_0/inst/FCLK_CLK0 | HaccPL_i/RadiationReceiver_0/inst/radiationProcessor2/radiationMemoryAddressA                                                                                | HaccPL_i/RadiationReceiver_0/inst/radiationProcessor2/SR[0]                                                                       |                4 |             14 |         3.50 |
|  HaccPL_i/processing_system7_0/inst/FCLK_CLK0 | HaccPL_i/RadiationReceiver_0/inst/hardwareAcceleratedHistogram1/p2_risingValueReady_reg_0[0]                                                                 | HaccPL_i/RadiationReceiver_0/inst/radiationProcessor2/p1_valueReady_reg_0[0]                                                      |                5 |             16 |         3.20 |
|  HaccPL_i/processing_system7_0/inst/FCLK_CLK0 | HaccPL_i/RadiationReceiver_0/inst/axi4ListSlaveInterface_RadiationReceiver/RadiationProcessor_ethernetLoadFloor_WriteReceived_reg_0[0]                       | HaccPL_i/RadiationReceiver_0/inst/radiationProcessor2/SR[0]                                                                       |                5 |             16 |         3.20 |
|  HaccPL_i/processing_system7_0/inst/FCLK_CLK0 | HaccPL_i/ps7_0_axi_periph/s00_couplers/auto_pc/inst/gen_axilite.gen_b2s_conv.axilite_b2s/WR.b_channel_0/bid_fifo_0/sel                                       |                                                                                                                                   |                3 |             16 |         5.33 |
|  HaccPL_i/processing_system7_0/inst/FCLK_CLK0 | HaccPL_i/RadiationReceiver_0/inst/radiationProcessor2/nextValueDelaySaved0_carry__0_n_0                                                                      | HaccPL_i/RadiationReceiver_0/inst/radiationProcessor2/SR[0]                                                                       |                3 |             16 |         5.33 |
|  HaccPL_i/processing_system7_0/inst/FCLK_CLK0 | HaccPL_i/RadiationReceiver_0/inst/radiationProcessor2/nextValueDelay[0]_i_1_n_0                                                                              | HaccPL_i/RadiationReceiver_0/inst/radiationProcessor2/SR[0]                                                                       |                4 |             16 |         4.00 |
|  HaccPL_i/processing_system7_0/inst/FCLK_CLK0 | HaccPL_i/ps7_0_axi_periph/s00_couplers/auto_pc/inst/gen_axilite.gen_b2s_conv.axilite_b2s/WR.aw_channel_0/aw_cmd_fsm_0/E[0]                                   |                                                                                                                                   |                8 |             20 |         2.50 |
|  HaccPL_i/processing_system7_0/inst/FCLK_CLK0 | HaccPL_i/ps7_0_axi_periph/s00_couplers/auto_pc/inst/gen_axilite.gen_b2s_conv.axilite_b2s/RD.ar_channel_0/ar_cmd_fsm_0/m_valid_i_reg[0]                       |                                                                                                                                   |                7 |             20 |         2.86 |
|  HaccPL_i/processing_system7_0/inst/FCLK_CLK0 | HaccPL_i/ps7_0_axi_periph/s00_couplers/auto_pc/inst/gen_axilite.gen_b2s_conv.axilite_b2s/WR.b_channel_0/bid_fifo_0/E[0]                                      |                                                                                                                                   |                5 |             28 |         5.60 |
|  HaccPL_i/processing_system7_0/inst/FCLK_CLK0 | HaccPL_i/ps7_0_axi_periph/s00_couplers/auto_pc/inst/gen_axilite.gen_b2s_conv.axilite_b2s/SI_REG/ar.ar_pipe/s_ready_i_reg_0                                   |                                                                                                                                   |                6 |             28 |         4.67 |
|  HaccPL_i/processing_system7_0/inst/FCLK_CLK0 | HaccPL_i/ps7_0_axi_periph/s00_couplers/auto_pc/inst/gen_axilite.gen_b2s_conv.axilite_b2s/SI_REG/aw.aw_pipe/s_ready_i_reg_0                                   |                                                                                                                                   |                6 |             28 |         4.67 |
|  HaccPL_i/processing_system7_0/inst/FCLK_CLK0 | HaccPL_i/ps7_0_axi_periph/s00_couplers/auto_pc/inst/gen_axilite.gen_b2s_conv.axilite_b2s/RD.ar_channel_0/ar_cmd_fsm_0/m_valid_i_reg_1[0]                     |                                                                                                                                   |                5 |             28 |         5.60 |
|  HaccPL_i/processing_system7_0/inst/FCLK_CLK0 | HaccPL_i/RadiationReceiver_0/inst/radiationProcessor2/p_0_in0                                                                                                | HaccPL_i/RadiationReceiver_0/inst/radiationProcessor2/radiationTimer[31]_i_1_n_0                                                  |                8 |             31 |         3.88 |
|  HaccPL_i/processing_system7_0/inst/FCLK_CLK0 | HaccPL_i/RadiationReceiver_0/inst/axi4ListSlaveInterface_RadiationReceiver/RadiationProcessor_countAmount_WriteReceived_reg_0[0]                             | HaccPL_i/RadiationReceiver_0/inst/radiationProcessor2/SR[0]                                                                       |               10 |             32 |         3.20 |
|  HaccPL_i/processing_system7_0/inst/FCLK_CLK0 | HaccPL_i/RadiationReceiver_0/inst/axi4ListSlaveInterface_RadiationReceiver/slv_reg_rden                                                                      | HaccPL_i/RadiationReceiver_0/inst/radiationProcessor2/SR[0]                                                                       |               11 |             32 |         2.91 |
|  HaccPL_i/processing_system7_0/inst/FCLK_CLK0 | HaccPL_i/RadiationReceiver_0/inst/radiationProcessor2/sendNextValue                                                                                          | HaccPL_i/RadiationReceiver_0/inst/radiationProcessor2/SR[0]                                                                       |                8 |             32 |         4.00 |
|  HaccPL_i/processing_system7_0/inst/FCLK_CLK0 |                                                                                                                                                              | HaccPL_i/RadiationReceiver_0/inst/radiationProcessor2/radiationMemoryDataInA[31]_i_1_n_0                                          |               16 |             32 |         2.00 |
|  HaccPL_i/processing_system7_0/inst/FCLK_CLK0 | HaccPL_i/RadiationReceiver_0/inst/axi4ListSlaveInterface_RadiationReceiver/RadiationProcessor_debugSource_WriteReceived_reg_0[0]                             | HaccPL_i/RadiationReceiver_0/inst/radiationProcessor2/SR[0]                                                                       |                8 |             32 |         4.00 |
|  HaccPL_i/processing_system7_0/inst/FCLK_CLK0 | HaccPL_i/RadiationReceiver_0/inst/axi4ListSlaveInterface_RadiationReceiver/risingEthernetValueWrite                                                          | HaccPL_i/RadiationReceiver_0/inst/radiationProcessor2/SR[0]                                                                       |                8 |             32 |         4.00 |
|  HaccPL_i/processing_system7_0/inst/FCLK_CLK0 | HaccPL_i/RadiationReceiver_0/inst/axi4ListSlaveInterface_RadiationReceiver/E[0]                                                                              | HaccPL_i/RadiationReceiver_0/inst/radiationProcessor2/SR[0]                                                                       |                8 |             32 |         4.00 |
|  HaccPL_i/processing_system7_0/inst/FCLK_CLK0 | HaccPL_i/ps7_0_axi_periph/s00_couplers/auto_pc/inst/gen_axilite.gen_b2s_conv.axilite_b2s/RD.r_channel_0/rd_data_fifo_0/wr_en0                                |                                                                                                                                   |                8 |             32 |         4.00 |
|  HaccPL_i/processing_system7_0/inst/FCLK_CLK0 | HaccPL_i/ps7_0_axi_periph/s00_couplers/auto_pc/inst/gen_axilite.gen_b2s_conv.axilite_b2s/SI_REG/r.r_pipe/p_1_in                                              |                                                                                                                                   |                7 |             45 |         6.43 |
|  HaccPL_i/processing_system7_0/inst/FCLK_CLK0 | HaccPL_i/ps7_0_axi_periph/s00_couplers/auto_pc/inst/gen_axilite.gen_b2s_conv.axilite_b2s/SI_REG/r.r_pipe/s_ready_i_reg_0                                     |                                                                                                                                   |                6 |             45 |         7.50 |
|  HaccPL_i/processing_system7_0/inst/FCLK_CLK0 |                                                                                                                                                              | HaccPL_i/RadiationReceiver_0/inst/radiationProcessor2/SR[0]                                                                       |               23 |             64 |         2.78 |
|  HaccPL_i/processing_system7_0/inst/FCLK_CLK0 |                                                                                                                                                              |                                                                                                                                   |               36 |            128 |         3.56 |
+-----------------------------------------------+--------------------------------------------------------------------------------------------------------------------------------------------------------------+-----------------------------------------------------------------------------------------------------------------------------------+------------------+----------------+--------------+


