
*** Running vivado
    with args -log HaccPL_wrapper.vdi -applog -m64 -product Vivado -messageDb vivado.pb -mode batch -source HaccPL_wrapper.tcl -notrace



****** Vivado v2020.1 (64-bit)
  **** SW Build 2902540 on Wed May 27 19:54:49 MDT 2020
  **** IP Build 2902112 on Wed May 27 22:43:36 MDT 2020
    ** Copyright 1986-2020 Xilinx, Inc. All Rights Reserved.

source HaccPL_wrapper.tcl -notrace
Command: link_design -top HaccPL_wrapper -part xc7z010clg400-1
Design is defaulting to srcset: sources_1
Design is defaulting to constrset: constrs_1
INFO: [Device 21-403] Loading part xc7z010clg400-1
INFO: [Project 1-454] Reading design checkpoint 'c:/HaccArcticFox/VivadoProject/HaccPL.srcs/sources_1/bd/HaccPL/ip/HaccPL_RadiationReceiver_0_0/HaccPL_RadiationReceiver_0_0.dcp' for cell 'HaccPL_i/RadiationReceiver_0'
INFO: [Project 1-454] Reading design checkpoint 'c:/HaccArcticFox/VivadoProject/HaccPL.srcs/sources_1/bd/HaccPL/ip/HaccPL_processing_system7_0_0/HaccPL_processing_system7_0_0.dcp' for cell 'HaccPL_i/processing_system7_0'
INFO: [Project 1-454] Reading design checkpoint 'c:/HaccArcticFox/VivadoProject/HaccPL.srcs/sources_1/bd/HaccPL/ip/HaccPL_rst_ps7_0_50M_0/HaccPL_rst_ps7_0_50M_0.dcp' for cell 'HaccPL_i/rst_ps7_0_50M'
INFO: [Project 1-454] Reading design checkpoint 'c:/HaccArcticFox/VivadoProject/HaccPL.srcs/sources_1/bd/HaccPL/ip/HaccPL_auto_pc_0/HaccPL_auto_pc_0.dcp' for cell 'HaccPL_i/ps7_0_axi_periph/s00_couplers/auto_pc'
Netlist sorting complete. Time (s): cpu = 00:00:00 ; elapsed = 00:00:00.077 . Memory (MB): peak = 1109.527 ; gain = 0.000
INFO: [Netlist 29-17] Analyzing 92 Unisim elements for replacement
INFO: [Netlist 29-28] Unisim Transformation completed in 0 CPU seconds
INFO: [Project 1-479] Netlist was created with Vivado 2020.1
INFO: [Project 1-570] Preparing netlist for logic optimization
Parsing XDC File [c:/HaccArcticFox/VivadoProject/HaccPL.srcs/sources_1/bd/HaccPL/ip/HaccPL_processing_system7_0_0/HaccPL_processing_system7_0_0.xdc] for cell 'HaccPL_i/processing_system7_0/inst'
Finished Parsing XDC File [c:/HaccArcticFox/VivadoProject/HaccPL.srcs/sources_1/bd/HaccPL/ip/HaccPL_processing_system7_0_0/HaccPL_processing_system7_0_0.xdc] for cell 'HaccPL_i/processing_system7_0/inst'
Parsing XDC File [c:/HaccArcticFox/VivadoProject/HaccPL.srcs/sources_1/bd/HaccPL/ip/HaccPL_rst_ps7_0_50M_0/HaccPL_rst_ps7_0_50M_0_board.xdc] for cell 'HaccPL_i/rst_ps7_0_50M/U0'
Finished Parsing XDC File [c:/HaccArcticFox/VivadoProject/HaccPL.srcs/sources_1/bd/HaccPL/ip/HaccPL_rst_ps7_0_50M_0/HaccPL_rst_ps7_0_50M_0_board.xdc] for cell 'HaccPL_i/rst_ps7_0_50M/U0'
Parsing XDC File [c:/HaccArcticFox/VivadoProject/HaccPL.srcs/sources_1/bd/HaccPL/ip/HaccPL_rst_ps7_0_50M_0/HaccPL_rst_ps7_0_50M_0.xdc] for cell 'HaccPL_i/rst_ps7_0_50M/U0'
Finished Parsing XDC File [c:/HaccArcticFox/VivadoProject/HaccPL.srcs/sources_1/bd/HaccPL/ip/HaccPL_rst_ps7_0_50M_0/HaccPL_rst_ps7_0_50M_0.xdc] for cell 'HaccPL_i/rst_ps7_0_50M/U0'
Parsing XDC File [C:/HaccArcticFox/VivadoProject/Constraints/ZyboTest.xdc]
Finished Parsing XDC File [C:/HaccArcticFox/VivadoProject/Constraints/ZyboTest.xdc]
INFO: [Opt 31-138] Pushed 0 inverter(s) to 0 load pin(s).
Netlist sorting complete. Time (s): cpu = 00:00:00 ; elapsed = 00:00:00.002 . Memory (MB): peak = 1109.527 ; gain = 0.000
INFO: [Project 1-111] Unisim Transformation Summary:
No Unisim elements were transformed.

11 Infos, 0 Warnings, 0 Critical Warnings and 0 Errors encountered.
link_design completed successfully
link_design: Time (s): cpu = 00:00:06 ; elapsed = 00:00:13 . Memory (MB): peak = 1109.527 ; gain = 0.000
Command: opt_design
Attempting to get a license for feature 'Implementation' and/or device 'xc7z010'
INFO: [Common 17-349] Got license for feature 'Implementation' and/or device 'xc7z010'
Running DRC as a precondition to command opt_design

Starting DRC Task
INFO: [DRC 23-27] Running DRC with 2 threads
INFO: [Project 1-461] DRC finished with 0 Errors
INFO: [Project 1-462] Please refer to the DRC report (report_drc) for more information.

Time (s): cpu = 00:00:00 ; elapsed = 00:00:01 . Memory (MB): peak = 1109.527 ; gain = 0.000

Starting Cache Timing Information Task
INFO: [Timing 38-35] Done setting XDC timing constraints.
Ending Cache Timing Information Task | Checksum: 13c9939b4

Time (s): cpu = 00:00:05 ; elapsed = 00:00:07 . Memory (MB): peak = 1525.020 ; gain = 415.492

Starting Logic Optimization Task

Phase 1 Retarget
INFO: [Opt 31-138] Pushed 0 inverter(s) to 0 load pin(s).
INFO: [Opt 31-49] Retargeted 0 cell(s).
Phase 1 Retarget | Checksum: 17a71b3f0

Time (s): cpu = 00:00:00 ; elapsed = 00:00:00.222 . Memory (MB): peak = 1731.590 ; gain = 0.000
INFO: [Opt 31-389] Phase Retarget created 4 cells and removed 29 cells

Phase 2 Constant propagation
INFO: [Opt 31-138] Pushed 0 inverter(s) to 0 load pin(s).
Phase 2 Constant propagation | Checksum: 14de9f958

Time (s): cpu = 00:00:00 ; elapsed = 00:00:00.254 . Memory (MB): peak = 1731.590 ; gain = 0.000
INFO: [Opt 31-389] Phase Constant propagation created 0 cells and removed 8 cells

Phase 3 Sweep
Phase 3 Sweep | Checksum: 16550b621

Time (s): cpu = 00:00:01 ; elapsed = 00:00:00.708 . Memory (MB): peak = 1731.590 ; gain = 0.000
INFO: [Opt 31-389] Phase Sweep created 0 cells and removed 354 cells

Phase 4 BUFG optimization
Phase 4 BUFG optimization | Checksum: 16550b621

Time (s): cpu = 00:00:01 ; elapsed = 00:00:00.760 . Memory (MB): peak = 1731.590 ; gain = 0.000
INFO: [Opt 31-662] Phase BUFG optimization created 0 cells of which 0 are BUFGs and removed 0 cells.

Phase 5 Shift Register Optimization
INFO: [Opt 31-1064] SRL Remap converted 0 SRLs to 0 registers and converted 0 registers of register chains to 0 SRLs
Phase 5 Shift Register Optimization | Checksum: 16550b621

Time (s): cpu = 00:00:01 ; elapsed = 00:00:00.811 . Memory (MB): peak = 1731.590 ; gain = 0.000
INFO: [Opt 31-389] Phase Shift Register Optimization created 0 cells and removed 0 cells

Phase 6 Post Processing Netlist
Phase 6 Post Processing Netlist | Checksum: 16550b621

Time (s): cpu = 00:00:01 ; elapsed = 00:00:00.847 . Memory (MB): peak = 1731.590 ; gain = 0.000
INFO: [Opt 31-389] Phase Post Processing Netlist created 0 cells and removed 0 cells
Opt_design Change Summary
=========================


-------------------------------------------------------------------------------------------------------------------------
|  Phase                        |  #Cells created  |  #Cells Removed  |  #Constrained objects preventing optimizations  |
-------------------------------------------------------------------------------------------------------------------------
|  Retarget                     |               4  |              29  |                                              0  |
|  Constant propagation         |               0  |               8  |                                              0  |
|  Sweep                        |               0  |             354  |                                              0  |
|  BUFG optimization            |               0  |               0  |                                              0  |
|  Shift Register Optimization  |               0  |               0  |                                              0  |
|  Post Processing Netlist      |               0  |               0  |                                              0  |
-------------------------------------------------------------------------------------------------------------------------



Starting Connectivity Check Task

Time (s): cpu = 00:00:00 ; elapsed = 00:00:00.009 . Memory (MB): peak = 1731.590 ; gain = 0.000
Ending Logic Optimization Task | Checksum: 17c74e7db

Time (s): cpu = 00:00:01 ; elapsed = 00:00:00.958 . Memory (MB): peak = 1731.590 ; gain = 0.000

Starting Power Optimization Task
INFO: [Pwropt 34-132] Skipping clock gating for clocks with a period < 2.00 ns.
INFO: [Timing 38-35] Done setting XDC timing constraints.
Running Vector-less Activity Propagation...

Finished Running Vector-less Activity Propagation
INFO: [Pwropt 34-9] Applying IDT optimizations ...
INFO: [Pwropt 34-10] Applying ODC optimizations ...


Starting PowerOpt Patch Enables Task
INFO: [Pwropt 34-162] WRITE_MODE attribute of 15 BRAM(s) out of a total of 16 has been updated to save power. Run report_power_opt to get a complete listing of the BRAMs updated.
INFO: [Pwropt 34-201] Structural ODC has moved 3 WE to EN ports
Number of BRAM Ports augmented: 12 newly gated: 4 Total Ports: 32
Number of Flops added for Enable Generation: 3

Ending PowerOpt Patch Enables Task | Checksum: 17fcbdf12

Time (s): cpu = 00:00:00 ; elapsed = 00:00:00.079 . Memory (MB): peak = 1847.680 ; gain = 0.000
Ending Power Optimization Task | Checksum: 17fcbdf12

Time (s): cpu = 00:00:01 ; elapsed = 00:00:02 . Memory (MB): peak = 1847.680 ; gain = 116.090

Starting Final Cleanup Task

Starting Logic Optimization Task
INFO: [Timing 38-35] Done setting XDC timing constraints.
Ending Logic Optimization Task | Checksum: 1a039ace7

Time (s): cpu = 00:00:00 ; elapsed = 00:00:00.341 . Memory (MB): peak = 1847.680 ; gain = 0.000
Ending Final Cleanup Task | Checksum: 1a039ace7

Time (s): cpu = 00:00:02 ; elapsed = 00:00:02 . Memory (MB): peak = 1847.680 ; gain = 0.000

Starting Netlist Obfuscation Task
Netlist sorting complete. Time (s): cpu = 00:00:00 ; elapsed = 00:00:00.001 . Memory (MB): peak = 1847.680 ; gain = 0.000
Ending Netlist Obfuscation Task | Checksum: 1a039ace7

Time (s): cpu = 00:00:00 ; elapsed = 00:00:00.002 . Memory (MB): peak = 1847.680 ; gain = 0.000
INFO: [Common 17-83] Releasing license: Implementation
34 Infos, 0 Warnings, 0 Critical Warnings and 0 Errors encountered.
opt_design completed successfully
opt_design: Time (s): cpu = 00:00:10 ; elapsed = 00:00:16 . Memory (MB): peak = 1847.680 ; gain = 738.152
INFO: [Timing 38-480] Writing timing data to binary archive.
Writing placer database...
Writing XDEF routing.
Writing XDEF routing logical nets.
Writing XDEF routing special nets.
Write XDEF Complete: Time (s): cpu = 00:00:00 ; elapsed = 00:00:00.076 . Memory (MB): peak = 1847.680 ; gain = 0.000
INFO: [Common 17-1381] The checkpoint 'C:/HaccArcticFox/VivadoProject/HaccPL.runs/impl_1/HaccPL_wrapper_opt.dcp' has been generated.
INFO: [runtcl-4] Executing : report_drc -file HaccPL_wrapper_drc_opted.rpt -pb HaccPL_wrapper_drc_opted.pb -rpx HaccPL_wrapper_drc_opted.rpx
Command: report_drc -file HaccPL_wrapper_drc_opted.rpt -pb HaccPL_wrapper_drc_opted.pb -rpx HaccPL_wrapper_drc_opted.rpx
INFO: [IP_Flow 19-1839] IP Catalog is up to date.
INFO: [DRC 23-27] Running DRC with 2 threads
INFO: [Coretcl 2-168] The results of DRC are in file C:/HaccArcticFox/VivadoProject/HaccPL.runs/impl_1/HaccPL_wrapper_drc_opted.rpt.
report_drc completed successfully
Command: place_design
Attempting to get a license for feature 'Implementation' and/or device 'xc7z010'
INFO: [Common 17-349] Got license for feature 'Implementation' and/or device 'xc7z010'
INFO: [DRC 23-27] Running DRC with 2 threads
INFO: [Vivado_Tcl 4-198] DRC finished with 0 Errors
INFO: [Vivado_Tcl 4-199] Please refer to the DRC report (report_drc) for more information.
Running DRC as a precondition to command place_design
INFO: [DRC 23-27] Running DRC with 2 threads
INFO: [Vivado_Tcl 4-198] DRC finished with 0 Errors
INFO: [Vivado_Tcl 4-199] Please refer to the DRC report (report_drc) for more information.

Starting Placer Task
INFO: [Place 30-611] Multithreading enabled for place_design using a maximum of 2 CPUs

Phase 1 Placer Initialization

Phase 1.1 Placer Initialization Netlist Sorting
Netlist sorting complete. Time (s): cpu = 00:00:00 ; elapsed = 00:00:00.002 . Memory (MB): peak = 1847.680 ; gain = 0.000
Phase 1.1 Placer Initialization Netlist Sorting | Checksum: 126c871d1

Time (s): cpu = 00:00:00 ; elapsed = 00:00:00.023 . Memory (MB): peak = 1847.680 ; gain = 0.000
Netlist sorting complete. Time (s): cpu = 00:00:00 ; elapsed = 00:00:00.002 . Memory (MB): peak = 1847.680 ; gain = 0.000

Phase 1.2 IO Placement/ Clock Placement/ Build Placer Device
INFO: [Timing 38-35] Done setting XDC timing constraints.
Phase 1.2 IO Placement/ Clock Placement/ Build Placer Device | Checksum: 129c77d39

Time (s): cpu = 00:00:00 ; elapsed = 00:00:00.713 . Memory (MB): peak = 1847.680 ; gain = 0.000

Phase 1.3 Build Placer Netlist Model
Phase 1.3 Build Placer Netlist Model | Checksum: 18e38b2da

Time (s): cpu = 00:00:00 ; elapsed = 00:00:01 . Memory (MB): peak = 1847.680 ; gain = 0.000

Phase 1.4 Constrain Clocks/Macros
Phase 1.4 Constrain Clocks/Macros | Checksum: 18e38b2da

Time (s): cpu = 00:00:00 ; elapsed = 00:00:01 . Memory (MB): peak = 1847.680 ; gain = 0.000
Phase 1 Placer Initialization | Checksum: 18e38b2da

Time (s): cpu = 00:00:00 ; elapsed = 00:00:01 . Memory (MB): peak = 1847.680 ; gain = 0.000

Phase 2 Global Placement

Phase 2.1 Floorplanning
Phase 2.1 Floorplanning | Checksum: 18c28c0e7

Time (s): cpu = 00:00:00 ; elapsed = 00:00:01 . Memory (MB): peak = 1847.680 ; gain = 0.000

Phase 2.2 Global Placement Core

Phase 2.2.1 Physical Synthesis In Placer
INFO: [Physopt 32-1035] Found 0 LUTNM shape to break, 41 LUT instances to create LUTNM shape
INFO: [Physopt 32-1044] Break lutnm for timing: one critical 0, two critical 0, total 0, new lutff created 0
INFO: [Physopt 32-775] End 1 Pass. Optimized 19 nets or cells. Created 0 new cell, deleted 19 existing cells and moved 0 existing cell
INFO: [Physopt 32-65] No nets found for high-fanout optimization.
INFO: [Physopt 32-232] Optimized 0 net. Created 0 new instance.
INFO: [Physopt 32-775] End 1 Pass. Optimized 0 net or cell. Created 0 new cell, deleted 0 existing cell and moved 0 existing cell
INFO: [Physopt 32-670] No setup violation found.  DSP Register Optimization was not performed.
INFO: [Physopt 32-670] No setup violation found.  Shift Register to Pipeline Optimization was not performed.
INFO: [Physopt 32-670] No setup violation found.  Shift Register Optimization was not performed.
INFO: [Physopt 32-670] No setup violation found.  BRAM Register Optimization was not performed.
INFO: [Physopt 32-670] No setup violation found.  URAM Register Optimization was not performed.
INFO: [Physopt 32-949] No candidate nets found for HD net replication
INFO: [Physopt 32-775] End 1 Pass. Optimized 0 net or cell. Created 0 new cell, deleted 0 existing cell and moved 0 existing cell
Netlist sorting complete. Time (s): cpu = 00:00:00 ; elapsed = 00:00:00.001 . Memory (MB): peak = 1847.680 ; gain = 0.000

Summary of Physical Synthesis Optimizations
============================================


-----------------------------------------------------------------------------------------------------------------------------------------------------------
|  Optimization                                     |  Added Cells  |  Removed Cells  |  Optimized Cells/Nets  |  Dont Touch  |  Iterations  |  Elapsed   |
-----------------------------------------------------------------------------------------------------------------------------------------------------------
|  LUT Combining                                    |            0  |             19  |                    19  |           0  |           1  |  00:00:00  |
|  Very High Fanout                                 |            0  |              0  |                     0  |           0  |           1  |  00:00:00  |
|  DSP Register                                     |            0  |              0  |                     0  |           0  |           0  |  00:00:00  |
|  Shift Register to Pipeline                       |            0  |              0  |                     0  |           0  |           0  |  00:00:00  |
|  Shift Register                                   |            0  |              0  |                     0  |           0  |           0  |  00:00:00  |
|  BRAM Register                                    |            0  |              0  |                     0  |           0  |           0  |  00:00:00  |
|  URAM Register                                    |            0  |              0  |                     0  |           0  |           0  |  00:00:00  |
|  Dynamic/Static Region Interface Net Replication  |            0  |              0  |                     0  |           0  |           1  |  00:00:00  |
|  Total                                            |            0  |             19  |                    19  |           0  |           3  |  00:00:00  |
-----------------------------------------------------------------------------------------------------------------------------------------------------------


Phase 2.2.1 Physical Synthesis In Placer | Checksum: c60b408a

Time (s): cpu = 00:00:02 ; elapsed = 00:00:03 . Memory (MB): peak = 1847.680 ; gain = 0.000
Phase 2.2 Global Placement Core | Checksum: 10a6920d9

Time (s): cpu = 00:00:02 ; elapsed = 00:00:03 . Memory (MB): peak = 1847.680 ; gain = 0.000
Phase 2 Global Placement | Checksum: 10a6920d9

Time (s): cpu = 00:00:02 ; elapsed = 00:00:03 . Memory (MB): peak = 1847.680 ; gain = 0.000

Phase 3 Detail Placement

Phase 3.1 Commit Multi Column Macros
Phase 3.1 Commit Multi Column Macros | Checksum: 1ad8e11b7

Time (s): cpu = 00:00:02 ; elapsed = 00:00:03 . Memory (MB): peak = 1847.680 ; gain = 0.000

Phase 3.2 Commit Most Macros & LUTRAMs
Phase 3.2 Commit Most Macros & LUTRAMs | Checksum: 105de372d

Time (s): cpu = 00:00:02 ; elapsed = 00:00:03 . Memory (MB): peak = 1847.680 ; gain = 0.000

Phase 3.3 Area Swap Optimization
Phase 3.3 Area Swap Optimization | Checksum: 19cf36067

Time (s): cpu = 00:00:02 ; elapsed = 00:00:03 . Memory (MB): peak = 1847.680 ; gain = 0.000

Phase 3.4 Pipeline Register Optimization
Phase 3.4 Pipeline Register Optimization | Checksum: 13f5ce546

Time (s): cpu = 00:00:02 ; elapsed = 00:00:03 . Memory (MB): peak = 1847.680 ; gain = 0.000

Phase 3.5 Small Shape Detail Placement
Phase 3.5 Small Shape Detail Placement | Checksum: fc32eac8

Time (s): cpu = 00:00:02 ; elapsed = 00:00:04 . Memory (MB): peak = 1847.680 ; gain = 0.000

Phase 3.6 Re-assign LUT pins
Phase 3.6 Re-assign LUT pins | Checksum: 175df12d7

Time (s): cpu = 00:00:02 ; elapsed = 00:00:04 . Memory (MB): peak = 1847.680 ; gain = 0.000

Phase 3.7 Pipeline Register Optimization
Phase 3.7 Pipeline Register Optimization | Checksum: 196f013b5

Time (s): cpu = 00:00:02 ; elapsed = 00:00:04 . Memory (MB): peak = 1847.680 ; gain = 0.000
Phase 3 Detail Placement | Checksum: 196f013b5

Time (s): cpu = 00:00:02 ; elapsed = 00:00:04 . Memory (MB): peak = 1847.680 ; gain = 0.000

Phase 4 Post Placement Optimization and Clean-Up

Phase 4.1 Post Commit Optimization
INFO: [Timing 38-35] Done setting XDC timing constraints.

Phase 4.1.1 Post Placement Optimization
Post Placement Optimization Initialization | Checksum: 1ddc66323

Phase 4.1.1.1 BUFG Insertion

Starting Physical Synthesis Task

Phase 1 Physical Synthesis Initialization
INFO: [Physopt 32-721] Multithreading enabled for phys_opt_design using a maximum of 2 CPUs
INFO: [Physopt 32-619] Estimated Timing Summary | WNS=13.182 | TNS=0.000 |
Phase 1 Physical Synthesis Initialization | Checksum: 171839609

Time (s): cpu = 00:00:00 ; elapsed = 00:00:00.104 . Memory (MB): peak = 1847.680 ; gain = 0.000
INFO: [Place 46-56] BUFG insertion identified 0 candidate nets. Inserted BUFG: 0, Replicated BUFG Driver: 0, Skipped due to Placement/Routing Conflicts: 0, Skipped due to Timing Degradation: 0, Skipped due to Illegal Netlist: 0.
Ending Physical Synthesis Task | Checksum: 1c31dabee

Time (s): cpu = 00:00:00 ; elapsed = 00:00:00.115 . Memory (MB): peak = 1847.680 ; gain = 0.000
Phase 4.1.1.1 BUFG Insertion | Checksum: 1ddc66323

Time (s): cpu = 00:00:02 ; elapsed = 00:00:05 . Memory (MB): peak = 1847.680 ; gain = 0.000
INFO: [Place 30-746] Post Placement Timing Summary WNS=13.182. For the most accurate timing information please run report_timing.
Phase 4.1.1 Post Placement Optimization | Checksum: 21808c554

Time (s): cpu = 00:00:02 ; elapsed = 00:00:05 . Memory (MB): peak = 1847.680 ; gain = 0.000
Phase 4.1 Post Commit Optimization | Checksum: 21808c554

Time (s): cpu = 00:00:02 ; elapsed = 00:00:05 . Memory (MB): peak = 1847.680 ; gain = 0.000

Phase 4.2 Post Placement Cleanup
Phase 4.2 Post Placement Cleanup | Checksum: 21808c554

Time (s): cpu = 00:00:02 ; elapsed = 00:00:05 . Memory (MB): peak = 1847.680 ; gain = 0.000

Phase 4.3 Placer Reporting
Phase 4.3 Placer Reporting | Checksum: 21808c554

Time (s): cpu = 00:00:02 ; elapsed = 00:00:05 . Memory (MB): peak = 1847.680 ; gain = 0.000

Phase 4.4 Final Placement Cleanup
Netlist sorting complete. Time (s): cpu = 00:00:00 ; elapsed = 00:00:00.002 . Memory (MB): peak = 1847.680 ; gain = 0.000
Phase 4.4 Final Placement Cleanup | Checksum: 251043307

Time (s): cpu = 00:00:02 ; elapsed = 00:00:05 . Memory (MB): peak = 1847.680 ; gain = 0.000
Phase 4 Post Placement Optimization and Clean-Up | Checksum: 251043307

Time (s): cpu = 00:00:02 ; elapsed = 00:00:05 . Memory (MB): peak = 1847.680 ; gain = 0.000
Ending Placer Task | Checksum: 182a7de8b

Time (s): cpu = 00:00:02 ; elapsed = 00:00:05 . Memory (MB): peak = 1847.680 ; gain = 0.000
INFO: [Common 17-83] Releasing license: Implementation
68 Infos, 0 Warnings, 0 Critical Warnings and 0 Errors encountered.
place_design completed successfully
place_design: Time (s): cpu = 00:00:04 ; elapsed = 00:00:06 . Memory (MB): peak = 1847.680 ; gain = 0.000
INFO: [Timing 38-480] Writing timing data to binary archive.
Writing placer database...
Writing XDEF routing.
Writing XDEF routing logical nets.
Writing XDEF routing special nets.
Write XDEF Complete: Time (s): cpu = 00:00:00 ; elapsed = 00:00:00.671 . Memory (MB): peak = 1847.680 ; gain = 0.000
INFO: [Common 17-1381] The checkpoint 'C:/HaccArcticFox/VivadoProject/HaccPL.runs/impl_1/HaccPL_wrapper_placed.dcp' has been generated.
INFO: [runtcl-4] Executing : report_io -file HaccPL_wrapper_io_placed.rpt
report_io: Time (s): cpu = 00:00:00 ; elapsed = 00:00:00.044 . Memory (MB): peak = 1847.680 ; gain = 0.000
INFO: [runtcl-4] Executing : report_utilization -file HaccPL_wrapper_utilization_placed.rpt -pb HaccPL_wrapper_utilization_placed.pb
INFO: [runtcl-4] Executing : report_control_sets -verbose -file HaccPL_wrapper_control_sets_placed.rpt
report_control_sets: Time (s): cpu = 00:00:00 ; elapsed = 00:00:00.006 . Memory (MB): peak = 1847.680 ; gain = 0.000
Command: phys_opt_design
Attempting to get a license for feature 'Implementation' and/or device 'xc7z010'
INFO: [Common 17-349] Got license for feature 'Implementation' and/or device 'xc7z010'
INFO: [Vivado_Tcl 4-383] Design worst setup slack (WNS) is greater than or equal to 0.000 ns. Skipping all physical synthesis optimizations.
INFO: [Vivado_Tcl 4-232] No setup violation found. The netlist was not modified.
INFO: [Common 17-83] Releasing license: Implementation
77 Infos, 0 Warnings, 0 Critical Warnings and 0 Errors encountered.
phys_opt_design completed successfully
INFO: [Timing 38-480] Writing timing data to binary archive.
Writing placer database...
Writing XDEF routing.
Writing XDEF routing logical nets.
Writing XDEF routing special nets.
Write XDEF Complete: Time (s): cpu = 00:00:01 ; elapsed = 00:00:00.241 . Memory (MB): peak = 1847.680 ; gain = 0.000
INFO: [Common 17-1381] The checkpoint 'C:/HaccArcticFox/VivadoProject/HaccPL.runs/impl_1/HaccPL_wrapper_physopt.dcp' has been generated.
Command: route_design
Attempting to get a license for feature 'Implementation' and/or device 'xc7z010'
INFO: [Common 17-349] Got license for feature 'Implementation' and/or device 'xc7z010'
Running DRC as a precondition to command route_design
INFO: [DRC 23-27] Running DRC with 2 threads
INFO: [Vivado_Tcl 4-198] DRC finished with 0 Errors
INFO: [Vivado_Tcl 4-199] Please refer to the DRC report (report_drc) for more information.


Starting Routing Task
INFO: [Route 35-254] Multithreading enabled for route_design using a maximum of 2 CPUs
Checksum: PlaceDB: e5b40830 ConstDB: 0 ShapeSum: 9cf3d65b RouteDB: 0

Phase 1 Build RT Design
Phase 1 Build RT Design | Checksum: 1052c07b0

Time (s): cpu = 00:00:07 ; elapsed = 00:00:09 . Memory (MB): peak = 1847.680 ; gain = 0.000
Post Restoration Checksum: NetGraph: b1635a95 NumContArr: 53c8ad1b Constraints: 0 Timing: 0

Phase 2 Router Initialization

Phase 2.1 Create Timer
Phase 2.1 Create Timer | Checksum: 1052c07b0

Time (s): cpu = 00:00:07 ; elapsed = 00:00:09 . Memory (MB): peak = 1847.680 ; gain = 0.000

Phase 2.2 Fix Topology Constraints
Phase 2.2 Fix Topology Constraints | Checksum: 1052c07b0

Time (s): cpu = 00:00:07 ; elapsed = 00:00:09 . Memory (MB): peak = 1847.680 ; gain = 0.000

Phase 2.3 Pre Route Cleanup
Phase 2.3 Pre Route Cleanup | Checksum: 1052c07b0

Time (s): cpu = 00:00:07 ; elapsed = 00:00:09 . Memory (MB): peak = 1847.680 ; gain = 0.000
 Number of Nodes with overlaps = 0

Phase 2.4 Update Timing
Phase 2.4 Update Timing | Checksum: 18161cfab

Time (s): cpu = 00:00:08 ; elapsed = 00:00:10 . Memory (MB): peak = 1847.680 ; gain = 0.000
INFO: [Route 35-416] Intermediate Timing Summary | WNS=13.181 | TNS=0.000  | WHS=-0.350 | THS=-39.802|

Phase 2 Router Initialization | Checksum: 1a1e5e14c

Time (s): cpu = 00:00:08 ; elapsed = 00:00:10 . Memory (MB): peak = 1847.680 ; gain = 0.000

Router Utilization Summary
  Global Vertical Routing Utilization    = 0 %
  Global Horizontal Routing Utilization  = 0 %
  Routable Net Status*
  *Does not include unroutable nets such as driverless and loadless.
  Run report_route_status for detailed report.
  Number of Failed Nets               = 1916
    (Failed Nets is the sum of unrouted and partially routed nets)
  Number of Unrouted Nets             = 1916
  Number of Partially Routed Nets     = 0
  Number of Node Overlaps             = 0


Phase 3 Initial Routing
Phase 3 Initial Routing | Checksum: 184ea439c

Time (s): cpu = 00:00:08 ; elapsed = 00:00:11 . Memory (MB): peak = 1849.195 ; gain = 1.516

Phase 4 Rip-up And Reroute

Phase 4.1 Global Iteration 0
 Number of Nodes with overlaps = 110
 Number of Nodes with overlaps = 0
INFO: [Route 35-416] Intermediate Timing Summary | WNS=11.805 | TNS=0.000  | WHS=N/A    | THS=N/A    |

Phase 4.1 Global Iteration 0 | Checksum: 2099b90fa

Time (s): cpu = 00:00:09 ; elapsed = 00:00:12 . Memory (MB): peak = 1849.195 ; gain = 1.516

Phase 4.2 Global Iteration 1
 Number of Nodes with overlaps = 1
 Number of Nodes with overlaps = 0
INFO: [Route 35-416] Intermediate Timing Summary | WNS=11.805 | TNS=0.000  | WHS=N/A    | THS=N/A    |

Phase 4.2 Global Iteration 1 | Checksum: a0c1bdf9

Time (s): cpu = 00:00:09 ; elapsed = 00:00:12 . Memory (MB): peak = 1849.195 ; gain = 1.516
Phase 4 Rip-up And Reroute | Checksum: a0c1bdf9

Time (s): cpu = 00:00:09 ; elapsed = 00:00:12 . Memory (MB): peak = 1849.195 ; gain = 1.516

Phase 5 Delay and Skew Optimization

Phase 5.1 Delay CleanUp
Phase 5.1 Delay CleanUp | Checksum: a0c1bdf9

Time (s): cpu = 00:00:09 ; elapsed = 00:00:12 . Memory (MB): peak = 1849.195 ; gain = 1.516

Phase 5.2 Clock Skew Optimization
Phase 5.2 Clock Skew Optimization | Checksum: a0c1bdf9

Time (s): cpu = 00:00:09 ; elapsed = 00:00:12 . Memory (MB): peak = 1849.195 ; gain = 1.516
Phase 5 Delay and Skew Optimization | Checksum: a0c1bdf9

Time (s): cpu = 00:00:09 ; elapsed = 00:00:12 . Memory (MB): peak = 1849.195 ; gain = 1.516

Phase 6 Post Hold Fix

Phase 6.1 Hold Fix Iter

Phase 6.1.1 Update Timing
Phase 6.1.1 Update Timing | Checksum: 14ba29663

Time (s): cpu = 00:00:09 ; elapsed = 00:00:12 . Memory (MB): peak = 1849.195 ; gain = 1.516
INFO: [Route 35-416] Intermediate Timing Summary | WNS=11.920 | TNS=0.000  | WHS=0.050  | THS=0.000  |

Phase 6.1 Hold Fix Iter | Checksum: 7d219f1b

Time (s): cpu = 00:00:09 ; elapsed = 00:00:12 . Memory (MB): peak = 1849.195 ; gain = 1.516
Phase 6 Post Hold Fix | Checksum: 7d219f1b

Time (s): cpu = 00:00:09 ; elapsed = 00:00:12 . Memory (MB): peak = 1849.195 ; gain = 1.516

Phase 7 Route finalize

Router Utilization Summary
  Global Vertical Routing Utilization    = 0.966216 %
  Global Horizontal Routing Utilization  = 1.34421 %
  Routable Net Status*
  *Does not include unroutable nets such as driverless and loadless.
  Run report_route_status for detailed report.
  Number of Failed Nets               = 0
    (Failed Nets is the sum of unrouted and partially routed nets)
  Number of Unrouted Nets             = 0
  Number of Partially Routed Nets     = 0
  Number of Node Overlaps             = 0

Phase 7 Route finalize | Checksum: 129eee255

Time (s): cpu = 00:00:09 ; elapsed = 00:00:12 . Memory (MB): peak = 1849.195 ; gain = 1.516

Phase 8 Verifying routed nets

 Verification completed successfully
Phase 8 Verifying routed nets | Checksum: 129eee255

Time (s): cpu = 00:00:09 ; elapsed = 00:00:12 . Memory (MB): peak = 1849.195 ; gain = 1.516

Phase 9 Depositing Routes
Phase 9 Depositing Routes | Checksum: 12ab8df03

Time (s): cpu = 00:00:09 ; elapsed = 00:00:12 . Memory (MB): peak = 1849.195 ; gain = 1.516

Phase 10 Post Router Timing
INFO: [Route 35-57] Estimated Timing Summary | WNS=11.920 | TNS=0.000  | WHS=0.050  | THS=0.000  |

INFO: [Route 35-327] The final timing numbers are based on the router estimated timing analysis. For a complete and accurate timing signoff, please run report_timing_summary.
Phase 10 Post Router Timing | Checksum: 12ab8df03

Time (s): cpu = 00:00:09 ; elapsed = 00:00:12 . Memory (MB): peak = 1849.195 ; gain = 1.516
INFO: [Route 35-16] Router Completed Successfully

Time (s): cpu = 00:00:09 ; elapsed = 00:00:12 . Memory (MB): peak = 1849.195 ; gain = 1.516

Routing Is Done.
INFO: [Common 17-83] Releasing license: Implementation
92 Infos, 0 Warnings, 0 Critical Warnings and 0 Errors encountered.
route_design completed successfully
route_design: Time (s): cpu = 00:00:10 ; elapsed = 00:00:13 . Memory (MB): peak = 1849.195 ; gain = 1.516
INFO: [Timing 38-480] Writing timing data to binary archive.
Writing placer database...
Writing XDEF routing.
Writing XDEF routing logical nets.
Writing XDEF routing special nets.
Write XDEF Complete: Time (s): cpu = 00:00:00 ; elapsed = 00:00:00.277 . Memory (MB): peak = 1854.883 ; gain = 5.688
INFO: [Common 17-1381] The checkpoint 'C:/HaccArcticFox/VivadoProject/HaccPL.runs/impl_1/HaccPL_wrapper_routed.dcp' has been generated.
INFO: [runtcl-4] Executing : report_drc -file HaccPL_wrapper_drc_routed.rpt -pb HaccPL_wrapper_drc_routed.pb -rpx HaccPL_wrapper_drc_routed.rpx
Command: report_drc -file HaccPL_wrapper_drc_routed.rpt -pb HaccPL_wrapper_drc_routed.pb -rpx HaccPL_wrapper_drc_routed.rpx
INFO: [IP_Flow 19-1839] IP Catalog is up to date.
INFO: [DRC 23-27] Running DRC with 2 threads
INFO: [Coretcl 2-168] The results of DRC are in file C:/HaccArcticFox/VivadoProject/HaccPL.runs/impl_1/HaccPL_wrapper_drc_routed.rpt.
report_drc completed successfully
INFO: [runtcl-4] Executing : report_methodology -file HaccPL_wrapper_methodology_drc_routed.rpt -pb HaccPL_wrapper_methodology_drc_routed.pb -rpx HaccPL_wrapper_methodology_drc_routed.rpx
Command: report_methodology -file HaccPL_wrapper_methodology_drc_routed.rpt -pb HaccPL_wrapper_methodology_drc_routed.pb -rpx HaccPL_wrapper_methodology_drc_routed.rpx
INFO: [Timing 38-35] Done setting XDC timing constraints.
INFO: [DRC 23-133] Running Methodology with 2 threads
INFO: [Coretcl 2-1520] The results of Report Methodology are in file C:/HaccArcticFox/VivadoProject/HaccPL.runs/impl_1/HaccPL_wrapper_methodology_drc_routed.rpt.
report_methodology completed successfully
INFO: [runtcl-4] Executing : report_power -file HaccPL_wrapper_power_routed.rpt -pb HaccPL_wrapper_power_summary_routed.pb -rpx HaccPL_wrapper_power_routed.rpx
Command: report_power -file HaccPL_wrapper_power_routed.rpt -pb HaccPL_wrapper_power_summary_routed.pb -rpx HaccPL_wrapper_power_routed.rpx
INFO: [Timing 38-35] Done setting XDC timing constraints.
Running Vector-less Activity Propagation...

Finished Running Vector-less Activity Propagation
104 Infos, 0 Warnings, 0 Critical Warnings and 0 Errors encountered.
report_power completed successfully
INFO: [runtcl-4] Executing : report_route_status -file HaccPL_wrapper_route_status.rpt -pb HaccPL_wrapper_route_status.pb
INFO: [runtcl-4] Executing : report_timing_summary -max_paths 10 -file HaccPL_wrapper_timing_summary_routed.rpt -pb HaccPL_wrapper_timing_summary_routed.pb -rpx HaccPL_wrapper_timing_summary_routed.rpx -warn_on_violation 
INFO: [Timing 38-91] UpdateTimingParams: Speed grade: -1, Delay Type: min_max.
INFO: [Timing 38-191] Multithreading enabled for timing update using a maximum of 2 CPUs
INFO: [runtcl-4] Executing : report_incremental_reuse -file HaccPL_wrapper_incremental_reuse_routed.rpt
INFO: [Vivado_Tcl 4-1062] Incremental flow is disabled. No incremental reuse Info to report.
INFO: [runtcl-4] Executing : report_clock_utilization -file HaccPL_wrapper_clock_utilization_routed.rpt
INFO: [runtcl-4] Executing : report_bus_skew -warn_on_violation -file HaccPL_wrapper_bus_skew_routed.rpt -pb HaccPL_wrapper_bus_skew_routed.pb -rpx HaccPL_wrapper_bus_skew_routed.rpx
INFO: [Timing 38-91] UpdateTimingParams: Speed grade: -1, Delay Type: min_max.
INFO: [Timing 38-191] Multithreading enabled for timing update using a maximum of 2 CPUs
Command: write_bitstream -force HaccPL_wrapper.bit
Attempting to get a license for feature 'Implementation' and/or device 'xc7z010'
INFO: [Common 17-349] Got license for feature 'Implementation' and/or device 'xc7z010'
Running DRC as a precondition to command write_bitstream
INFO: [IP_Flow 19-1839] IP Catalog is up to date.
INFO: [DRC 23-27] Running DRC with 2 threads
INFO: [Vivado 12-3199] DRC finished with 0 Errors
INFO: [Vivado 12-3200] Please refer to the DRC report (report_drc) for more information.
INFO: [Designutils 20-2272] Running write_bitstream with 2 threads.
Loading data files...
Loading site data...
Loading route data...
Processing options...
Creating bitmap...
Creating bitstream...
Writing bitstream ./HaccPL_wrapper.bit...
INFO: [Vivado 12-1842] Bitgen Completed Successfully.
INFO: [Project 1-120] WebTalk data collection is mandatory when using a WebPACK part without a full Vivado license. To see the specific WebTalk data collected for your design, open the usage_statistics_webtalk.html or usage_statistics_webtalk.xml file in the implementation directory.
INFO: [Common 17-186] 'C:/HaccArcticFox/VivadoProject/HaccPL.runs/impl_1/usage_statistics_webtalk.xml' has been successfully sent to Xilinx on Tue Apr 11 17:23:25 2023. For additional details about this file, please refer to the WebTalk help file at C:/Xilinx2/Vivado/2020.1/doc/webtalk_introduction.html.
INFO: [Common 17-83] Releasing license: Implementation
124 Infos, 0 Warnings, 0 Critical Warnings and 0 Errors encountered.
write_bitstream completed successfully
write_bitstream: Time (s): cpu = 00:00:07 ; elapsed = 00:00:12 . Memory (MB): peak = 2295.168 ; gain = 414.703
INFO: [Common 17-206] Exiting Vivado at Tue Apr 11 17:23:25 2023...
